2021-11-02T07:16:05.684Z [myBiolerPlate] [32minfo[39m:info  is working
2021-11-02T07:16:05.688Z [myBiolerPlate] [32minfo[39m: authentication is working
2021-11-02T07:17:43.093Z [myBiolerPlate] [32minfo[39m:calling create user
2021-11-02T07:17:43.094Z [myBiolerPlate] [32minfo[39m:create user is working
2021-11-02T07:17:49.994Z [myBiolerPlate] [32minfo[39m:calling create user
2021-11-02T07:17:49.995Z [myBiolerPlate] [32minfo[39m:create user is working
2021-11-02T07:17:52.147Z [myBiolerPlate] [32minfo[39m:calling create user
2021-11-02T07:18:02.789Z [myBiolerPlate] [32minfo[39m:delete user working
2021-11-02T07:18:35.801Z [myBiolerPlate] [32minfo[39m:calling create user
2021-11-02T07:18:36.203Z [myBiolerPlate] [32minfo[39m:calling create user
2021-11-02T07:18:36.627Z [myBiolerPlate] [32minfo[39m:calling create user
2021-11-02T07:18:37.057Z [myBiolerPlate] [32minfo[39m:calling create user
2021-11-02T07:18:37.574Z [myBiolerPlate] [32minfo[39m:calling create user
2021-11-02T07:18:37.988Z [myBiolerPlate] [32minfo[39m:calling create user
2021-11-02T07:20:44.834Z [myBiolerPlate] [32minfo[39m:info  is working
2021-11-02T07:20:44.837Z [myBiolerPlate] [32minfo[39m: authentication is working
2021-11-02T07:20:44.838Z [myBiolerPlate] [31merror[39m:errrors
2021-11-02T07:20:54.678Z [myBiolerPlate] [32minfo[39m:info  is working
2021-11-02T07:20:54.679Z [myBiolerPlate] [32minfo[39m: authentication is working
2021-11-02T07:20:54.680Z [myBiolerPlate] [31merror[39m:errrors
2021-11-02T07:20:55.182Z [myBiolerPlate] [32minfo[39m:info  is working
2021-11-02T07:20:55.183Z [myBiolerPlate] [32minfo[39m: authentication is working
2021-11-02T07:20:55.184Z [myBiolerPlate] [31merror[39m:errrors
2021-11-02T07:20:55.572Z [myBiolerPlate] [32minfo[39m:info  is working
2021-11-02T07:20:55.574Z [myBiolerPlate] [32minfo[39m: authentication is working
2021-11-02T07:20:55.575Z [myBiolerPlate] [31merror[39m:errrors
2021-11-02T07:20:58.988Z [myBiolerPlate] [32minfo[39m:info  is working
2021-11-02T07:20:58.990Z [myBiolerPlate] [32minfo[39m: authentication is working
2021-11-02T07:20:58.991Z [myBiolerPlate] [31merror[39m:errrors
2021-11-02T07:20:59.435Z [myBiolerPlate] [32minfo[39m:info  is working
2021-11-02T07:20:59.436Z [myBiolerPlate] [32minfo[39m: authentication is working
2021-11-02T07:20:59.437Z [myBiolerPlate] [31merror[39m:errrors
2021-11-02T07:20:59.865Z [myBiolerPlate] [32minfo[39m:info  is working
2021-11-02T07:20:59.867Z [myBiolerPlate] [32minfo[39m: authentication is working
2021-11-02T07:20:59.869Z [myBiolerPlate] [31merror[39m:errrors
2021-11-02T07:21:00.290Z [myBiolerPlate] [32minfo[39m:info  is working
2021-11-02T07:21:00.291Z [myBiolerPlate] [32minfo[39m: authentication is working
2021-11-02T07:21:00.292Z [myBiolerPlate] [31merror[39m:errrors
2021-11-02T07:21:00.842Z [myBiolerPlate] [32minfo[39m:info  is working
2021-11-02T07:21:00.843Z [myBiolerPlate] [32minfo[39m: authentication is working
2021-11-02T07:21:00.844Z [myBiolerPlate] [31merror[39m:errrors
2021-11-02T07:21:04.106Z [myBiolerPlate] [32minfo[39m:info  is working
2021-11-02T07:21:04.107Z [myBiolerPlate] [32minfo[39m: authentication is working
2021-11-02T07:21:04.107Z [myBiolerPlate] [31merror[39m:errrors
2021-11-02T07:21:04.624Z [myBiolerPlate] [32minfo[39m:info  is working
2021-11-02T07:21:04.626Z [myBiolerPlate] [32minfo[39m: authentication is working
2021-11-02T07:21:04.627Z [myBiolerPlate] [31merror[39m:errrors
2021-11-02T07:21:05.123Z [myBiolerPlate] [32minfo[39m:info  is working
2021-11-02T07:21:05.124Z [myBiolerPlate] [32minfo[39m: authentication is working
2021-11-02T07:21:05.125Z [myBiolerPlate] [31merror[39m:errrors
2021-11-02T07:21:05.751Z [myBiolerPlate] [32minfo[39m:info  is working
2021-11-02T07:21:05.752Z [myBiolerPlate] [32minfo[39m: authentication is working
2021-11-02T07:21:05.753Z [myBiolerPlate] [31merror[39m:errrors
2021-11-02T07:21:06.178Z [myBiolerPlate] [32minfo[39m:info  is working
2021-11-02T07:21:06.180Z [myBiolerPlate] [32minfo[39m: authentication is working
2021-11-02T07:21:06.182Z [myBiolerPlate] [31merror[39m:errrors
2021-11-02T07:21:06.675Z [myBiolerPlate] [32minfo[39m:info  is working
2021-11-02T07:21:06.677Z [myBiolerPlate] [32minfo[39m: authentication is working
2021-11-02T07:21:06.678Z [myBiolerPlate] [31merror[39m:errrors
2021-11-02T07:21:14.473Z [myBiolerPlate] [32minfo[39m:calling create user
2021-11-02T07:21:14.474Z [myBiolerPlate] [32minfo[39m:create user is working
2021-11-02T07:21:15.205Z [myBiolerPlate] [32minfo[39m:calling create user
2021-11-02T07:21:15.658Z [myBiolerPlate] [32minfo[39m:calling create user
2021-11-02T07:21:16.077Z [myBiolerPlate] [32minfo[39m:calling create user
2021-11-02T07:21:16.676Z [myBiolerPlate] [32minfo[39m:calling create user
2021-11-02T07:21:21.099Z [myBiolerPlate] [32minfo[39m:calling create user
2021-11-02T07:21:21.755Z [myBiolerPlate] [32minfo[39m:calling create user
2021-11-02T07:21:29.215Z [myBiolerPlate] [32minfo[39m:info  is working
2021-11-02T07:21:29.216Z [myBiolerPlate] [32minfo[39m: authentication is working
2021-11-02T07:21:29.647Z [myBiolerPlate] [32minfo[39m:info  is working
2021-11-02T07:21:29.651Z [myBiolerPlate] [32minfo[39m: authentication is working
2021-11-02T07:21:30.073Z [myBiolerPlate] [32minfo[39m:info  is working
2021-11-02T07:21:30.074Z [myBiolerPlate] [32minfo[39m: authentication is working
